execve("./secret", ["./secret"], 0x7ffe81813070 /* 57 vars */) = 0
brk(NULL)                               = 0x1b99000
arch_prctl(0x3001 /* ARCH_??? */, 0x7fff5cc18ec0) = -1 EINVAL (Invalid argument)
access("/etc/ld.so.preload", R_OK)      = -1 ENOENT (No such file or directory)
openat(AT_FDCWD, "/etc/ld.so.cache", O_RDONLY|O_CLOEXEC) = 3
newfstatat(3, "", {st_mode=S_IFREG|0644, st_size=87307, ...}, AT_EMPTY_PATH) = 0
mmap(NULL, 87307, PROT_READ, MAP_PRIVATE, 3, 0) = 0x7fcacc0f0000
close(3)                                = 0
openat(AT_FDCWD, "/lib64/libc.so.6", O_RDONLY|O_CLOEXEC) = 3
read(3, "\177ELF\2\1\1\3\0\0\0\0\0\0\0\0\3\0>\0\1\0\0\0p\0\4\0\0\0\0\0"..., 832) = 832
pread64(3, "\6\0\0\0\4\0\0\0@\0\0\0\0\0\0\0@\0\0\0\0\0\0\0@\0\0\0\0\0\0\0"..., 784, 64) = 784
pread64(3, "\4\0\0\0 \0\0\0\5\0\0\0GNU\0\2\0\0\300\4\0\0\0\3\0\0\0\0\0\0\0"..., 48, 848) = 48
pread64(3, "\4\0\0\0\24\0\0\0\3\0\0\0GNU\0-\345a\277kX\335i\221Q\7\3404\342 \202"..., 68, 896) = 68
newfstatat(3, "", {st_mode=S_IFREG|0755, st_size=2387016, ...}, AT_EMPTY_PATH) = 0
mmap(NULL, 8192, PROT_READ|PROT_WRITE, MAP_PRIVATE|MAP_ANONYMOUS, -1, 0) = 0x7fcacc0ee000
pread64(3, "\6\0\0\0\4\0\0\0@\0\0\0\0\0\0\0@\0\0\0\0\0\0\0@\0\0\0\0\0\0\0"..., 784, 64) = 784
mmap(NULL, 2133936, PROT_READ, MAP_PRIVATE|MAP_DENYWRITE, 3, 0) = 0x7fcacbe00000
mprotect(0x7fcacbe28000, 1892352, PROT_NONE) = 0
mmap(0x7fcacbe28000, 1527808, PROT_READ|PROT_EXEC, MAP_PRIVATE|MAP_FIXED|MAP_DENYWRITE, 3, 0x28000) = 0x7fcacbe28000
mmap(0x7fcacbf9d000, 360448, PROT_READ, MAP_PRIVATE|MAP_FIXED|MAP_DENYWRITE, 3, 0x19d000) = 0x7fcacbf9d000
mmap(0x7fcacbff6000, 24576, PROT_READ|PROT_WRITE, MAP_PRIVATE|MAP_FIXED|MAP_DENYWRITE, 3, 0x1f5000) = 0x7fcacbff6000
mmap(0x7fcacbffc000, 53168, PROT_READ|PROT_WRITE, MAP_PRIVATE|MAP_FIXED|MAP_ANONYMOUS, -1, 0) = 0x7fcacbffc000
close(3)                                = 0
mmap(NULL, 8192, PROT_READ|PROT_WRITE, MAP_PRIVATE|MAP_ANONYMOUS, -1, 0) = 0x7fcacc0ec000
arch_prctl(ARCH_SET_FS, 0x7fcacc0ef600) = 0
set_tid_address(0x7fcacc0ef8d0)         = 123602
set_robust_list(0x7fcacc0ef8e0, 24)     = 0
rseq(0x7fcacc0effa0, 0x20, 0, 0x53053053) = 0
mprotect(0x7fcacbff6000, 16384, PROT_READ) = 0
mprotect(0x601000, 4096, PROT_READ)     = 0
mprotect(0x7fcacc13a000, 8192, PROT_READ) = 0
prlimit64(0, RLIMIT_STACK, NULL, {rlim_cur=8192*1024, rlim_max=RLIM64_INFINITY}) = 0
munmap(0x7fcacc0f0000, 87307)           = 0
openat(AT_FDCWD, "./hint.txt", O_RDWR)  = 3
openat(AT_FDCWD, "./key.txt", O_RDONLY) = 4
fcntl(4, F_GETFL)                       = 0x8000 (flags O_RDONLY|O_LARGEFILE)
getrandom("\x8e\x99\x95\x2c\x54\x6c\x48\xe9", 8, GRND_NONBLOCK) = 8
brk(NULL)                               = 0x1b99000
brk(0x1bba000)                          = 0x1bba000
newfstatat(4, "", {st_mode=S_IFREG|0644, st_size=10, ...}, AT_EMPTY_PATH) = 0
read(4, "3065803686", 8192)             = 10
read(4, "", 8192)                       = 0
getuid()                                = 210292
socket(AF_UNIX, SOCK_STREAM|SOCK_CLOEXEC|SOCK_NONBLOCK, 0) = 5
connect(5, {sa_family=AF_UNIX, sun_path="/var/run/nscd/socket"}, 110) = -1 ENOENT (No such file or directory)
close(5)                                = 0
socket(AF_UNIX, SOCK_STREAM|SOCK_CLOEXEC|SOCK_NONBLOCK, 0) = 5
connect(5, {sa_family=AF_UNIX, sun_path="/var/run/nscd/socket"}, 110) = -1 ENOENT (No such file or directory)
close(5)                                = 0
newfstatat(AT_FDCWD, "/etc/nsswitch.conf", {st_mode=S_IFREG|0644, st_size=3034, ...}, 0) = 0
newfstatat(AT_FDCWD, "/", {st_mode=S_IFDIR|0555, st_size=253, ...}, 0) = 0
openat(AT_FDCWD, "/etc/nsswitch.conf", O_RDONLY|O_CLOEXEC) = 5
newfstatat(5, "", {st_mode=S_IFREG|0644, st_size=3034, ...}, AT_EMPTY_PATH) = 0
read(5, "# Generated by authselect on Mon"..., 4096) = 3034
read(5, "", 4096)                       = 0
newfstatat(5, "", {st_mode=S_IFREG|0644, st_size=3034, ...}, AT_EMPTY_PATH) = 0
close(5)                                = 0
openat(AT_FDCWD, "/etc/passwd", O_RDONLY|O_CLOEXEC) = 5
newfstatat(5, "", {st_mode=S_IFREG|0644, st_size=2425, ...}, AT_EMPTY_PATH) = 0
lseek(5, 0, SEEK_SET)                   = 0
read(5, "root:x:0:0:root:/root:/bin/bash\n"..., 4096) = 2425
read(5, "", 4096)                       = 0
close(5)                                = 0
openat(AT_FDCWD, "/etc/ld.so.cache", O_RDONLY|O_CLOEXEC) = 5
newfstatat(5, "", {st_mode=S_IFREG|0644, st_size=87307, ...}, AT_EMPTY_PATH) = 0
mmap(NULL, 87307, PROT_READ, MAP_PRIVATE, 5, 0) = 0x7fcacc0f0000
close(5)                                = 0
openat(AT_FDCWD, "/lib64/libnss_sss.so.2", O_RDONLY|O_CLOEXEC) = 5
read(5, "\177ELF\2\1\1\0\0\0\0\0\0\0\0\0\3\0>\0\1\0\0\0P%\0\0\0\0\0\0"..., 832) = 832
newfstatat(5, "", {st_mode=S_IFREG|0755, st_size=53424, ...}, AT_EMPTY_PATH) = 0
mmap(NULL, 53848, PROT_READ, MAP_PRIVATE|MAP_DENYWRITE, 5, 0) = 0x7fcacc0de000
mmap(0x7fcacc0e0000, 32768, PROT_READ|PROT_EXEC, MAP_PRIVATE|MAP_FIXED|MAP_DENYWRITE, 5, 0x2000) = 0x7fcacc0e0000
mmap(0x7fcacc0e8000, 8192, PROT_READ, MAP_PRIVATE|MAP_FIXED|MAP_DENYWRITE, 5, 0xa000) = 0x7fcacc0e8000
mmap(0x7fcacc0ea000, 8192, PROT_READ|PROT_WRITE, MAP_PRIVATE|MAP_FIXED|MAP_DENYWRITE, 5, 0xb000) = 0x7fcacc0ea000
close(5)                                = 0
mprotect(0x7fcacc0ea000, 4096, PROT_READ) = 0
munmap(0x7fcacc0f0000, 87307)           = 0
openat(AT_FDCWD, "/var/lib/sss/mc/passwd", O_RDONLY|O_CLOEXEC) = 5
newfstatat(5, "", {st_mode=S_IFREG|0664, st_size=9253600, ...}, AT_EMPTY_PATH) = 0
mmap(NULL, 9253600, PROT_READ, MAP_SHARED, 5, 0) = 0x7fcacb400000
newfstatat(5, "", {st_mode=S_IFREG|0664, st_size=9253600, ...}, AT_EMPTY_PATH) = 0
newfstatat(1, "", {st_mode=S_IFCHR|0620, st_rdev=makedev(0x88, 0x21), ...}, AT_EMPTY_PATH) = 0
write(1, "SUCCESS! The secret you've unloc"..., 90) = 90
close(4)                                = 0
exit_group(0)                           = ?
+++ exited with 0 +++
